Arguments: 
  /home/dcoder/.nvm/versions/node/v18.14.2/bin/node /mnt/c/Users/Daniel/AppData/Roaming/npm/node_modules/yarn/bin/yarn.js

PATH: 
  /home/dcoder/.nvm/versions/node/v18.14.2/bin:/usr/local/sbin:/usr/local/bin:/usr/sbin:/usr/bin:/sbin:/bin:/usr/games:/usr/local/games:/usr/lib/wsl/lib:/mnt/c/Python310/Scripts/:/mnt/c/Python310/:/mnt/c/WINDOWS/system32:/mnt/c/WINDOWS:/mnt/c/WINDOWS/System32/Wbem:/mnt/c/WINDOWS/System32/WindowsPowerShell/v1.0/:/mnt/c/WINDOWS/System32/OpenSSH/:/mnt/c/Users/Daniel/AppData/Roaming/nvm:/mnt/c/Program Files/nodejs:/mnt/c/ProgramData/chocolatey/bin:/mnt/c/Program Files/Git/cmd:/mnt/c/Program Files/MATLAB/R2014a/runtime/win64:/mnt/c/Program Files/MATLAB/R2014a/bin:/mnt/c/Program Files/MATLAB/R2014a/polyspace/bin:/mnt/c/Users/Daniel/OneDrive/Documentos/Spring5/jdk-11.0.2/bin:/mnt/c/Program Files/nodejs/:/mnt/c/Users/Daniel/AppData/Local/Microsoft/WindowsApps:/mnt/c/Users/Daniel/AppData/Local/Programs/Microsoft VS Code/bin:/mnt/c/Users/Daniel/AppData/Local/atom/bin:/mnt/c/Users/Daniel/AppData/Roaming/npm:/snap/bin

Yarn version: 
  1.22.19

Node version: 
  18.14.2

Platform: 
  linux x64

Trace: 
  Error: getaddrinfo EAI_AGAIN registry.yarnpkg.com
      at GetAddrInfoReqWrap.onlookup [as oncomplete] (node:dns:107:26)

npm manifest: 
  {
    "name": "react-shop",
    "version": "1.0.0",
    "description": "react e-shop",
    "main": "src/index.js",
    "scripts": {
      "test": "echo \"Error: no test specified\" && exit 1",
      "start": " webpack-dev-server --open --mode development",
      "build": "webpack --mode production"
    },
    "keywords": [
      "react",
      "javascript"
    ],
    "author": "Daniel Lozano <dlozanoc862@gmail.com>",
    "license": "MIT",
    "dependencies": {
      "@babel/core": "^7.21.0",
      "@babel/preset-env": "^7.20.2",
      "@babel/preset-react": "^7.18.6",
      "babel-loader": "^9.1.2",
      "html-loader": "^4.2.0",
      "html-webpack-plugin": "^5.5.0",
      "react": "^17.0.2",
      "react-dom": "^17.0.2",
      "webpack": "^5.50.0",
      "webpack-cli": "^4.8.0",
      "webpack-dev-server": "^4.0.0"
    },
    "devDependencies": {
      "css-loader": "^6.7.3",
      "mini-css-extract-plugin": "^2.7.2",
      "sass": "^1.58.3",
      "sass-loader": "^13.2.0",
      "style-loader": "^3.3.1"
    }
  }

yarn manifest: 
  No manifest

Lockfile: 
  No lockfile
